19:26:16 **** Incremental Build of configuration Debug for project SLRC2025-Pulztrones ****
make -j4 all 
arm-none-eabi-gcc -o "SLRC2025-Pulztrones.elf" @"objects.list"   -mcpu=cortex-m4 -T"D:\Oshadha\Professional Projects\SLRC 2025\Codebase\SLRC-2025-Pulztrones\software\firmware\SLRC2025-Pulztrones\STM32F446RETX_FLASH.ld" --specs=nosys.specs -Wl,-Map="SLRC2025-Pulztrones.map" -Wl,--gc-sections -static -u _printf_float --specs=nano.specs -mfpu=fpv4-sp-d16 -mfloat-abi=hard -mthumb -Wl,--start-group -lc -lm -Wl,--end-group
C:/ST/STM32CubeIDE_1.17.0/STM32CubeIDE/plugins/com.st.stm32cube.ide.mcu.externaltools.gnu-tools-for-stm32.13.3.rel1.win32_1.0.0.202411081344/tools/bin/../lib/gcc/arm-none-eabi/13.3.1/../../../../arm-none-eabi/bin/ld.exe: ./Core/Src/sensors.o: in function `RangeAllIRSensors':
D:/Oshadha/Professional Projects/SLRC 2025/Codebase/SLRC-2025-Pulztrones/software/firmware/SLRC2025-Pulztrones/Debug/../Core/Src/sensors.c:264:(.text.RangeAllIRSensors+0x1d8): undefined reference to `see_box'
collect2.exe: error: ld returned 1 exit status
make: *** [makefile:72: SLRC2025-Pulztrones.elf] Error 1
"make -j4 all" terminated with exit code 2. Build might be incomplete.
